[35m[Appium][39m Welcome to Appium v1.22.3
[35m[Appium][39m Non-default server args:
[35m[Appium][39m   port: 58741
[35m[Appium][39m   loglevel: info
[35m[Appium][39m   tmpDir: C:\Users\095053\AppData\Local\Temp\\Katalon\Appium\Temp1657643746930
[35m[Appium][39m   chromedriverPort: 58742
[35m[Appium][39m Deprecated server args:
[35m[Appium][39m   [31m--chromedriver-port[39m => --default-capabilities
[35m[Appium][39m Default capabilities, which will be added to each request unless overridden by desired capabilities:
[35m[Appium][39m   chromedriverPort: 58742
[35m[Appium][39m Appium REST http interface listener started on 0.0.0.0:58741
[35m[HTTP][39m [37m-->[39m [37mGET[39m [37m/wd/hub/status[39m
[35m[HTTP][39m [90m{}[39m
[35m[HTTP][39m [37m<-- GET /wd/hub/status [39m[32m200[39m [90m6 ms - 68[39m
[35m[HTTP][39m [90m[39m
[35m[HTTP][39m [37m-->[39m [37mGET[39m [37m/wd/hub/status[39m
[35m[HTTP][39m [90m{}[39m
[35m[HTTP][39m [37m<-- GET /wd/hub/status [39m[32m200[39m [90m1 ms - 68[39m
[35m[HTTP][39m [90m[39m
[35m[HTTP][39m [37m-->[39m [37mPOST[39m [37m/wd/hub/session[39m
[35m[HTTP][39m [90m{"desiredCapabilities":{"appActivity":".Settings","appPackage":"com.android.settings","newCommandTimeout":1800,"platformVersion":"8.0.0","automationName":"uiautomator2","autoGrantPermissions":true,"platformName":"Android","udid":"192.168.103.102:5555","deviceName":" Google Nexus 6 (Android 8.0.0)","platform":"ANDROID","systemPort":8237},"capabilities":{"firstMatch":[{"appium:appActivity":".Settings","appium:appPackage":"com.android.settings","appium:autoGrantPermissions":true,"appium:automationName":"uiautomator2","appium:deviceName":" Google Nexus 6 (Android 8.0.0)","appium:newCommandTimeout":1800,"platform":"ANDROID","platformName":"android","appium:platformVersion":"8.0.0","appium:systemPort":8237,"appium:udid":"192.168.103.102:5555"}]}}[39m
[35m[BaseDriver][39m The following capabilities are not standard capabilities and should have an extension prefix:
[35m[BaseDriver][39m   platform
[35m[BaseDriver][39m   chromedriverPort
[35m[Appium][39m Appium v1.22.3 creating new AndroidUiautomator2Driver (v1.70.1) session
[35m[BaseDriver][39m The following capabilities were provided, but are not recognized by Appium:
[35m[BaseDriver][39m   platform
[35m[BaseDriver][39m Session created with session id: dabdd530-e9af-4c71-89bc-195628d16115
[35m[UiAutomator2][39m Starting 'com.android.settings' directly on the device
[35m[ADB][39m Found 1 'build-tools' folders under 'C:\Users\095053\.katalon\tools\android_sdk' (newest first):
[35m[ADB][39m     C:/Users/095053/.katalon/tools/android_sdk/build-tools/29.0.3
[35m[ADB][39m Using 'adb.exe' from 'C:\Users\095053\.katalon\tools\android_sdk\platform-tools\adb.exe'
[35m[AndroidDriver][39m Retrieving device list
[35m[AndroidDriver][39m Using device: 192.168.103.102:5555
[35m[ADB][39m Using 'adb.exe' from 'C:\Users\095053\.katalon\tools\android_sdk\platform-tools\adb.exe'
[35m[AndroidDriver][39m No app sent in, not parsing package/activity
[35m[ADB][39m Using 'apksigner.jar' from 'C:\Users\095053\.katalon\tools\android_sdk\build-tools\29.0.3\lib\apksigner.jar'
[35m[ADB][39m 'C:\Users\095053\AppData\Roaming\npm\node_modules\appium\node_modules\appium-uiautomator2-server\apks\appium-uiautomator2-server-v4.27.0.apk' is signed with the default certificate
[35m[ADB][39m 'C:\Users\095053\AppData\Roaming\npm\node_modules\appium\node_modules\appium-uiautomator2-server\apks\appium-uiautomator2-server-debug-androidTest.apk' is signed with the default certificate
[35m[UiAutomator2][39m Server packages are not going to be (re)installed
[35m[ADB][39m Adding packages ["io.appium.settings","io.appium.uiautomator2.server","io.appium.uiautomator2.server.test"] to Doze whitelist
[35m[UiAutomator2][39m Starting UIAutomator2 server 4.27.0
[35m[UiAutomator2][39m Using UIAutomator2 server from 'C:\Users\095053\AppData\Roaming\npm\node_modules\appium\node_modules\appium-uiautomator2-server\apks\appium-uiautomator2-server-v4.27.0.apk' and test from 'C:\Users\095053\AppData\Roaming\npm\node_modules\appium\node_modules\appium-uiautomator2-server\apks\appium-uiautomator2-server-debug-androidTest.apk'
[35m[UiAutomator2][39m Waiting up to 30000ms for UiAutomator2 to be online...
[35m[WD Proxy][39m socket hang up
[35m[WD Proxy][39m socket hang up
[35m[WD Proxy][39m socket hang up
[35m[WD Proxy][39m Determined the downstream protocol as 'W3C'
[35m[AndroidDriver][39m Screen already unlocked, doing nothing
[35m[UiAutomator2][39m Starting 'com.android.settings/.Settings and waiting for 'com.android.settings/.Settings'
[35m[Appium][39m New AndroidUiautomator2Driver session created successfully, session dabdd530-e9af-4c71-89bc-195628d16115 added to master session list
[35m[HTTP][39m [37m<-- POST /wd/hub/session [39m[32m200[39m [90m11095 ms - 1199[39m
[35m[HTTP][39m [90m[39m
[35m[HTTP][39m [37m-->[39m [37mGET[39m [37m/wd/hub/session/dabdd530-e9af-4c71-89bc-195628d16115[39m
[35m[HTTP][39m [90m{}[39m
[35m[HTTP][39m [37m<-- GET /wd/hub/session/dabdd530-e9af-4c71-89bc-195628d16115 [39m[32m200[39m [90m24 ms - 1153[39m
[35m[HTTP][39m [90m[39m
[35m[HTTP][39m [37m-->[39m [37mGET[39m [37m/wd/hub/session/dabdd530-e9af-4c71-89bc-195628d16115[39m
[35m[HTTP][39m [90m{}[39m
[35m[HTTP][39m [37m<-- GET /wd/hub/session/dabdd530-e9af-4c71-89bc-195628d16115 [39m[32m200[39m [90m24 ms - 1153[39m
[35m[HTTP][39m [90m[39m
[35m[HTTP][39m [37m-->[39m [37mGET[39m [37m/wd/hub/status[39m
[35m[HTTP][39m [90m{}[39m
[35m[HTTP][39m [37m<-- GET /wd/hub/status [39m[32m200[39m [90m2 ms - 68[39m
[35m[HTTP][39m [90m[39m
[35m[HTTP][39m [37m-->[39m [37mPOST[39m [37m/wd/hub/session/dabdd530-e9af-4c71-89bc-195628d16115/timeouts[39m
[35m[HTTP][39m [90m{"implicit":60000}[39m
[35m[HTTP][39m [37m<-- POST /wd/hub/session/dabdd530-e9af-4c71-89bc-195628d16115/timeouts [39m[32m200[39m [90m4 ms - 14[39m
[35m[HTTP][39m [90m[39m
[35m[HTTP][39m [37m-->[39m [37mGET[39m [37m/wd/hub/session/dabdd530-e9af-4c71-89bc-195628d16115/screenshot[39m
[35m[HTTP][39m [90m{}[39m
[35m[HTTP][39m [37m<-- GET /wd/hub/session/dabdd530-e9af-4c71-89bc-195628d16115/screenshot [39m[32m200[39m [90m736 ms - 258008[39m
[35m[HTTP][39m [90m[39m
[35m[HTTP][39m [37m-->[39m [37mGET[39m [37m/wd/hub/session/dabdd530-e9af-4c71-89bc-195628d16115/window/rect[39m
[35m[HTTP][39m [90m{}[39m
[35m[HTTP][39m [37m<-- GET /wd/hub/session/dabdd530-e9af-4c71-89bc-195628d16115/window/rect [39m[32m200[39m [90m29 ms - 50[39m
[35m[HTTP][39m [90m[39m
[35m[HTTP][39m [37m-->[39m [37mGET[39m [37m/wd/hub/session/dabdd530-e9af-4c71-89bc-195628d16115/appium/device/system_bars[39m
[35m[HTTP][39m [90m{}[39m
[35m[HTTP][39m [37m<-- GET /wd/hub/session/dabdd530-e9af-4c71-89bc-195628d16115/appium/device/system_bars [39m[32m200[39m [90m84 ms - 151[39m
[35m[HTTP][39m [90m[39m
[35m[HTTP][39m [37m-->[39m [37mPOST[39m [37m/wd/hub/session/dabdd530-e9af-4c71-89bc-195628d16115/appium/device/activate_app[39m
[35m[HTTP][39m [90m{"bundleId":"com.example.mikebanks.bankscorpfinancial"}[39m
[35m[HTTP][39m [37m<-- POST /wd/hub/session/dabdd530-e9af-4c71-89bc-195628d16115/appium/device/activate_app [39m[32m200[39m [90m397 ms - 14[39m
[35m[HTTP][39m [90m[39m
[35m[HTTP][39m [37m-->[39m [37mGET[39m [37m/wd/hub/session/dabdd530-e9af-4c71-89bc-195628d16115/source[39m
[35m[HTTP][39m [90m{}[39m
[35m[W3C (dabdd530)][39m Driver proxy active, passing request on via HTTP proxy
[35m[WD Proxy][39m Replacing sessionId 9b7397f3-d8f9-4f7a-a387-9274165da87d with dabdd530-e9af-4c71-89bc-195628d16115
[35m[HTTP][39m [37m<-- GET /wd/hub/session/dabdd530-e9af-4c71-89bc-195628d16115/source [39m[32m200[39m [90m820 ms - 15771[39m
[35m[HTTP][39m [90m[39m
[35m[HTTP][39m [37m-->[39m [37mGET[39m [37m/wd/hub/session/dabdd530-e9af-4c71-89bc-195628d16115/screenshot[39m
[35m[HTTP][39m [90m{}[39m
[35m[HTTP][39m [37m<-- GET /wd/hub/session/dabdd530-e9af-4c71-89bc-195628d16115/screenshot [39m[32m200[39m [90m617 ms - 228676[39m
[35m[HTTP][39m [90m[39m
[35m[HTTP][39m [37m-->[39m [37mPOST[39m [37m/wd/hub/session/dabdd530-e9af-4c71-89bc-195628d16115/elements[39m
[35m[HTTP][39m [90m{"using":"xpath","value":"//*[@class = 'android.widget.ImageView' and @resource-id = 'com.example.mikebanks.bankscorpfinancial:id/img_account' and (@text = '' or . = '')]"}[39m
[35m[HTTP][39m [37m<-- POST /wd/hub/session/dabdd530-e9af-4c71-89bc-195628d16115/elements [39m[32m200[39m [90m522 ms - 267[39m
[35m[HTTP][39m [90m[39m
[35m[HTTP][39m [37m-->[39m [37mPOST[39m [37m/wd/hub/session/dabdd530-e9af-4c71-89bc-195628d16115/elements[39m
[35m[HTTP][39m [90m{"using":"accessibility id","value":"Account Image"}[39m
[35m[HTTP][39m [37m<-- POST /wd/hub/session/dabdd530-e9af-4c71-89bc-195628d16115/elements [39m[32m200[39m [90m24 ms - 267[39m
[35m[HTTP][39m [90m[39m
[35m[HTTP][39m [37m-->[39m [37mPOST[39m [37m/wd/hub/session/dabdd530-e9af-4c71-89bc-195628d16115/elements[39m
[35m[HTTP][39m [90m{"using":"id","value":"com.example.mikebanks.bankscorpfinancial:id/img_account"}[39m
[35m[HTTP][39m [37m<-- POST /wd/hub/session/dabdd530-e9af-4c71-89bc-195628d16115/elements [39m[32m200[39m [90m[35m[HTTP][39m [37m-->[39m [37mDELETE[39m [37m/wd/hub/session/e9699368-0178-4d98-a956-bcdc0b94c7e9[39m
[35m[HTTP][39m [90m{}[39m
[35m[HTTP][39m [37m<-- DELETE /wd/hub/session/e9699368-0178-4d98-a956-bcdc0b94c7e9 [39m[33m404[39m [90m111 ms - 2412[39m
[35m[HTTP][39m [90m[39m
.example.mikebanks.bankscorpfinancial:id/img_account\")"}[39m
[35m[HTTP][39m [37m<-- POST /wd/hub/session/dabdd530-e9af-4c71-89bc-195628d16115/elements [39m[32m200[39m [90m51 ms - 267[39m
[35m[HTTP][39m [90m[39m
[35m[HTTP][39m [37m-->[39m [37mGET[39m [37m/wd/hub/session/dabdd530-e9af-4c71-89bc-195628d16115/source[39m
[35m[HTTP][39m [90m{}[39m
[35m[W3C (dabdd530)][39m Driver proxy active, passing request on via HTTP proxy
[35m[WD Proxy][39m Replacing sessionId 9b7397f3-d8f9-4f7a-a387-9274165da87d with dabdd530-e9af-4c71-89bc-195628d16115
[35m[HTTP][39m [37m<-- GET /wd/hub/session/dabdd530-e9af-4c71-89bc-195628d16115/source [39m[32m200[39m [90m101 ms - 10647[39m
[35m[HTTP][39m [90m[39m
[35m[HTTP][39m [37m-->[39m [37mGET[39m [37m/wd/hub/session/dabdd530-e9af-4c71-89bc-195628d16115/screenshot[39m
[35m[HTTP][39m [90m{}[39m
[35m[HTTP][39m [37m<-- GET /wd/hub/session/dabdd530-e9af-4c71-89bc-195628d16115/screenshot [39m[32m200[39m [90m621 ms - 464602[39m
[35m[HTTP][39m [90m[39m
[35m[HTTP][39m [37m-->[39m [37mPOST[39m [37m/wd/hub/session/dabdd530-e9af-4c71-89bc-195628d16115/elements[39m
[35m[HTTP][39m [90m{"using":"xpath","value":"//*[@class = 'android.widget.TextView' and (@text = 'Bank App Demo' or . = 'Bank App Demo')]"}[39m
[35m[HTTP][39m [37m<-- POST /wd/hub/session/dabdd530-e9af-4c71-89bc-195628d16115/elements [39m[32m200[39m [90m95 ms - 139[39m
[35m[HTTP][39m [90m[39m
[35m[HTTP][39m [37m-->[39m [37mGET[39m [37m/wd/hub/session/dabdd530-e9af-4c71-89bc-195628d16115/source[39m
[35m[HTTP][39m [90m{}[39m
[35m[W3C (dabdd530)][39m Driver proxy active, passing request on via HTTP proxy
[35m[WD Proxy][39m Replacing sessionId 9b7397f3-d8f9-4f7a-a387-9274165da87d with dabdd530-e9af-4c71-89bc-195628d16115
[35m[HTTP][39m [37m<-- GET /wd/hub/session/dabdd530-e9af-4c71-89bc-195628d16115/source [39m[32m200[39m [90m171 ms - 29044[39m
[35m[HTTP][39m [90m[39m
[35m[HTTP][39m [37m-->[39m [37mGET[39m [37m/wd/hub/session/dabdd530-e9af-4c71-89bc-195628d16115/screenshot[39m
[35m[HTTP][39m [90m{}[39m
[35m[HTTP][39m [37m<-- GET /wd/hub/session/dabdd530-e9af-4c71-89bc-195628d16115/screenshot [39m[32m200[39m [90m784 ms - 389590[39m
[35m[HTTP][39m [90m[39m
[35m[HTTP][39m [37m-->[39m [37mGET[39m [37m/wd/hub/session/dabdd530-e9af-4c71-89bc-195628d16115/source[39m
[35m[HTTP][39m [90m{}[39m
[35m[W3C (dabdd530)][39m Driver proxy active, passing request on via HTTP proxy
[35m[WD Proxy][39m Replacing sessionId 9b7397f3-d8f9-4f7a-a387-9274165da87d with dabdd530-e9af-4c71-89bc-195628d16115
[35m[HTTP][39m [37m<-- GET /wd/hub/session/dabdd530-e9af-4c71-89bc-195628d16115/source [39m[32m200[39m [90m28 ms - 4907[39m
[35m[HTTP][39m [90m[39m
[35m[HTTP][39m [37m-->[39m [37mGET[39m [37m/wd/hub/session/dabdd530-e9af-4c71-89bc-195628d16115/screenshot[39m
[35m[HTTP][39m [90m{}[39m
[35m[HTTP][39m [37m<-- GET /wd/hub/session/dabdd530-e9af-4c71-89bc-195628d16115/screenshot [39m[32m200[39m [90m628 ms - 337124[39m
[35m[HTTP][39m [90m[39m
[35m[HTTP][39m [37m-->[39m [37mPOST[39m [37m/wd/hub/session/dabdd530-e9af-4c71-89bc-195628d16115/elements[39m
[35m[HTTP][39m [90m{"using":"xpath","value":"//*[@class = 'android.widget.EditText' and (@text = 'Enter Deposit Amount ($)' or . = 'Enter Deposit Amount ($)') and @resource-id = 'com.example.mikebanks.bankscorpfinancial:id/edt_deposit_amount']"}[39m
[35m[HTTP][39m [37m<-- POST /wd/hub/session/dabdd530-e9af-4c71-89bc-195628d16115/elements [39m[32m200[39m [90m77 ms - 139[39m
[35m[HTTP][39m [90m[39m
[35m[HTTP][39m [37m-->[39m [37mPOST[39m [37m/wd/hub/session/dabdd530-e9af-4c71-89bc-195628d16115/elements[39m
[35m[HTTP][39m [90m{"using":"xpath","value":"//*[@class = 'android.widget.Button' and (@text = 'CANCEL' or . = 'CANCEL') and @resource-id = 'com.example.mikebanks.bankscorpfinancial:id/btn_cancel_deposit']"}[39m
[35m[HTTP][39m [37m<-- POST /wd/hub/session/dabdd530-e9af-4c71-89bc-195628d16115/elements [39m[32m200[39m [90m73 ms - 139[39m
[35m[HTTP][39m [90m[39m
[35m[HTTP][39m [37m-->[39m [37mPOST[39m [37m/wd/hub/session/dabdd530-e9af-4c71-89bc-195628d16115/elements[39m
[35m[HTTP][39m [90m{"using":"xpath","value":"//*[@class = 'android.widget.Button' and (@text = 'DEPOSIT' or . = 'DEPOSIT') and @resource-id = 'com.example.mikebanks.bankscorpfinancial:id/btn_deposit']"}[39m
[35m[HTTP][39m [37m<-- POST /wd/hub/session/dabdd530-e9af-4c71-89bc-195628d16115/elements [39m[32m200[39m [90m60 ms - 139[39m
[35m[HTTP][39m [90m[39m
[35m[HTTP][39m [37m-->[39m [37mGET[39m [37m/wd/hub/session/dabdd530-e9af-4c71-89bc-195628d16115/source[39m
[35m[HTTP][39m [90m{}[39m
[35m[W3C (dabdd530)][39m Driver proxy active, passing request on via HTTP proxy
[35m[WD Proxy][39m Replacing sessionId 9b7397f3-d8f9-4f7a-a387-9274165da87d with dabdd530-e9af-4c71-89bc-195628d16115
[35m[HTTP][39m [37m<-- GET /wd/hub/session/dabdd530-e9af-4c71-89bc-195628d16115/source [39m[32m200[39m [90m62 ms - 12751[39m
[35m[HTTP][39m [90m[39m
[35m[HTTP][39m [37m-->[39m [37mGET[39m [37m/wd/hub/session/dabdd530-e9af-4c71-89bc-195628d16115/screenshot[39m
[35m[HTTP][39m [90m{}[39m
[35m[HTTP][39m [37m<-- GET /wd/hub/session/dabdd530-e9af-4c71-89bc-195628d16115/screenshot [39m[32m200[39m [90m549 ms - 159884[39m
[35m[HTTP][39m [90m[39m
[35m[HTTP][39m [37m-->[39m [37mPOST[39m [37m/wd/hub/session/dabdd530-e9af-4c71-89bc-195628d16115/elements[39m
[35m[HTTP][39m [90m{"using":"xpath","value":"//*[@class = 'android.widget.Spinner' and @resource-id = 'com.example.mikebanks.bankscorpfinancial:id/spn_select_sending_acc' and (@text = '' or . = '')]"}[39m
[35m[HTTP][39m [37m<-- POST /wd/hub/session/dabdd530-e9af-4c71-89bc-195628d16115/elements [39m[32m200[39m [90m105 ms - 139[39m
[35m[HTTP][39m [90m[39m
[35m[HTTP][39m [37m-->[39m [37mGET[39m [37m/wd/hub/session/dabdd530-e9af-4c71-89bc-195628d16115/source[39m
[35m[HTTP][39m [90m{}[39m
[35m[W3C (dabdd530)][39m Driver proxy active, passing request on via HTTP proxy
[35m[WD Proxy][39m Replacing sessionId 9b7397f3-d8f9-4f7a-a387-9274165da87d with dabdd530-e9af-4c71-89bc-195628d16115
[35m[HTTP][39m [37m<-- GET /wd/hub/session/dabdd530-e9af-4c71-89bc-195628d16115/source [39m[32m200[39m [90m22 ms - 2429[39m
[35m[HTTP][39m [90m[39m
[35m[HTTP][39m [37m-->[39m [37mGET[39m [37m/wd/hub/session/dabdd530-e9af-4c71-89bc-195628d16115/screenshot[39m
[35m[HTTP][39m [90m{}[39m
[35m[HTTP][39m [37m<-- GET /wd/hub/session/dabdd530-e9af-4c71-89bc-195628d16115/screenshot [39m[32m200[39m [90m546 ms - 173156[39m
[35m[HTTP][39m [90m[39m
[35m[HTTP][39m [37m-->[39m [37mGET[39m [37m/wd/hub/session/dabdd530-e9af-4c71-89bc-195628d16115/source[39m
[35m[HTTP][39m [90m{}[39m
[35m[W3C (dabdd530)][39m Driver proxy active, passing request on via HTTP proxy
[35m[WD Proxy][39m Replacing sessionId 9b7397f3-d8f9-4f7a-a387-9274165da87d with dabdd530-e9af-4c71-89bc-195628d16115
[35m[HTTP][39m [37m<-- GET /wd/hub/session/dabdd530-e9af-4c71-89bc-195628d16115/source [39m[32m200[39m [90m51 ms - 12751[39m
[35m[HTTP][39m [90m[39m
[35m[HTTP][39m [37m-->[39m [37mGET[39m [37m/wd/hub/session/dabdd530-e9af-4c71-89bc-195628d16115/screenshot[39m
[35m[HTTP][39m [90m{}[39m
[35m[HTTP][39m [37m<-- GET /wd/hub/session/dabdd530-e9af-4c71-89bc-195628d16115/screenshot [39m[32m200[39m [90m540 ms - 159050[39m
[35m[HTTP][39m [90m[39m
[35m[HTTP][39m [37m-->[39m [37mPOST[39m [37m/wd/hub/session/dabdd530-e9af-4c71-89bc-195628d16115/elements[39m
[35m[HTTP][39m [90m{"using":"xpath","value":"//*[@class = 'android.widget.EditText' and (@text = 'Transfer Amount' or . = 'Transfer Amount') and @resource-id = 'com.example.mikebanks.bankscorpfinancial:id/edt_transfer_amount']"}[39m
[35m[HTTP][39m [37m<-- POST /wd/hub/session/dabdd530-e9af-4c71-89bc-195628d16115/elements [39m[32m200[39m [90m98 ms - 139[39m
[35m[HTTP][39m [90m[39m
[35m[HTTP][39m [37m-->[39m [37mPOST[39m [37m/wd/hub/session/dabdd530-e9af-4c71-89bc-195628d16115/elements[39m
[35m[HTTP][39m [90m{"using":"xpath","value":"//*[@class = 'android.widget.Spinner' and @resource-id = 'com.example.mikebanks.bankscorpfinancial:id/spn_select_receiving_acc' and (@text = '' or . = '')]"}[39m
[35m[HTTP][39m [37m<-- POST /wd/hub/session/dabdd530-e9af-4c71-89bc-195628d16115/elements [39m[32m200[39m [90m83 ms - 139[39m
[35m[HTTP][39m [90m[39m
[35m[HTTP][39m [37m-->[39m [37mPOST[39m [37m/wd/hub/session/dabdd530-e9af-4c71-89bc-195628d16115/elements[39m
[35m[HTTP][39m [90m{"using":"xpath","value":"//*[@class = 'android.widget.Button' and (@text = 'Confirm Transfer' or . = 'Confirm Transfer') and @resource-id = 'com.example.mikebanks.bankscorpfinancial:id/btn_confirm_transfer']"}[39m
[35m[HTTP][39m [37m<-- POST /wd/hub/session/dabdd530-e9af-4c71-89bc-195628d16115/elements [39m[32m200[39m [90m70 ms - 139[39m
[35m[HTTP][39m [90m[39m
[35m[HTTP][39m [37m-->[39m [37mPOST[39m [37m/wd/hub/session/dabdd530-e9af-4c71-89bc-195628d16115/elements[39m
[35m[HTTP][39m [90m{"using":"xpath","value":"//*[@class = 'android.widget.TextView' and (@text = 'Transfer' or . = 'Transfer')]"}[39m
[35m[HTTP][39m [37m<-- POST /wd/hub/session/dabdd530-e9af-4c71-89bc-195628d16115/elements [39m[32m200[39m [90m68 ms - 139[39m
[35m[HTTP][39m [90m[39m
[35m[HTTP][39m [37m-->[39m [37mGET[39m [37m/wd/hub/session/dabdd530-e9af-4c71-89bc-195628d16115/source[39m
[35m[HTTP][39m [90m{}[39m
[35m[W3C (dabdd530)][39m Driver proxy active, passing request on via HTTP proxy
[35m[WD Proxy][39m Replacing sessionId 9b7397f3-d8f9-4f7a-a387-9274165da87d with dabdd530-e9af-4c71-89bc-195628d16115
[35m[HTTP][39m [37m<-- GET /wd/hub/session/dabdd530-e9af-4c71-89bc-195628d16115/source [39m[32m200[39m [90m54 ms - 12248[39m
[35m[HTTP][39m [90m[39m
[35m[HTTP][39m [37m-->[39m [37mGET[39m [37m/wd/hub/session/dabdd530-e9af-4c71-89bc-195628d16115/screenshot[39m
[35m[HTTP][39m [90m{}[39m
[35m[HTTP][39m [37m<-- GET /wd/hub/session/dabdd530-e9af-4c71-89bc-195628d16115/screenshot [39m[32m200[39m [90m626 ms - 166070[39m
[35m[HTTP][39m [90m[39m
[35m[HTTP][39m [37m-->[39m [37mPOST[39m [37m/wd/hub/session/dabdd530-e9af-4c71-89bc-195628d16115/elements[39m
[35m[HTTP][39m [90m{"using":"xpath","value":"//*[@class = 'android.widget.Spinner' and @resource-id = 'com.example.mikebanks.bankscorpfinancial:id/spn_select_acc' and (@text = '' or . = '')]"}[39m
[35m[HTTP][39m [37m<-- POST /wd/hub/session/dabdd530-e9af-4c71-89bc-195628d16115/elements [39m[32m200[39m [90m68 ms - 139[39m
[35m[HTTP][39m [90m[39m
[35m[HTTP][39m [37m-->[39m [37mPOST[39m [37m/wd/hub/session/dabdd530-e9af-4c71-89bc-195628d16115/elements[39m
[35m[HTTP][39m [90m{"using":"xpath","value":"//*[@class = 'android.widget.ImageButton' and @resource-id = 'com.example.mikebanks.bankscorpfinancial:id/floating_action_btn' and (@text = '' or . = '')]"}[39m
[35m[HTTP][39m [37m<-- POST /wd/hub/session/dabdd530-e9af-4c71-89bc-195628d16115/elements [39m[32m200[39m [90m77 ms - 139[39m
[35m[HTTP][39m [90m[39m
[35m[HTTP][39m [37m-->[39m [37mGET[39m [37m/wd/hub/session/dabdd530-e9af-4c71-89bc-195628d16115/source[39m
[35m[HTTP][39m [90m{}[39m
[35m[W3C (dabdd530)][39m Driver proxy active, passing request on via HTTP proxy
[35m[WD Proxy][39m Replacing sessionId 9b7397f3-d8f9-4f7a-a387-9274165da87d with dabdd530-e9af-4c71-89bc-195628d16115
[35m[HTTP][39m [37m<-- GET /wd/hub/session/dabdd530-e9af-4c71-89bc-195628d16115/source [39m[32m200[39m [90m26 ms - 3894[39m
[35m[HTTP][39m [90m[39m
[35m[HTTP][39m [37m-->[39m [37mGET[39m [37m/wd/hub/session/dabdd530-e9af-4c71-89bc-195628d16115/screenshot[39m
[35m[HTTP][39m [90m{}[39m
[35m[HTTP][39m [37m<-- GET /wd/hub/session/dabdd530-e9af-4c71-89bc-195628d16115/screenshot [39m[32m200[39m [90m524 ms - 181992[39m
[35m[HTTP][39m [90m[39m
[35m[HTTP][39m [37m-->[39m [37mPOST[39m [37m/wd/hub/session/dabdd530-e9af-4c71-89bc-195628d16115/elements[39m
[35m[HTTP][39m [90m{"using":"xpath","value":"//*[@class = 'android.widget.EditText' and (@text = 'Payee Name' or . = 'Payee Name') and @resource-id = 'com.example.mikebanks.bankscorpfinancial:id/edt_payee_name']"}[39m
[35m[HTTP][39m [37m<-- POST /wd/hub/session/dabdd530-e9af-4c71-89bc-195628d16115/elements [39m[32m200[39m [90m39 ms - 139[39m
[35m[HTTP][39m [90m[39m
[35m[HTTP][39m [37m-->[39m [37mPOST[39m [37m/wd/hub/session/dabdd530-e9af-4c71-89bc-195628d16115/elements[39m
[35m[HTTP][39m [90m{"using":"xpath","value":"//*[@class = 'android.widget.Button' and (@text = 'CANCEL' or . = 'CANCEL') and @resource-id = 'com.example.mikebanks.bankscorpfinancial:id/btn_cancel_dialog']"}[39m
[35m[HTTP][39m [37m<-- POST /wd/hub/session/dabdd530-e9af-4c71-89bc-195628d16115/elements [39m[32m200[39m [90m42 ms - 139[39m
[35m[HTTP][39m [90m[39m
[35m[HTTP][39m [37m-->[39m [37mPOST[39m [37m/wd/hub/session/dabdd530-e9af-4c71-89bc-195628d16115/elements[39m
[35m[HTTP][39m [90m{"using":"xpath","value":"//*[@class = 'android.widget.Button' and (@text = 'ADD' or . = 'ADD') and @resource-id = 'com.example.mikebanks.bankscorpfinancial:id/btn_add_payee']"}[39m
[35m[HTTP][39m [37m<-- POST /wd/hub/session/dabdd530-e9af-4c71-89bc-195628d16115/elements [39m[32m200[39m [90m47 ms - 139[39m
[35m[HTTP][39m [90m[39m
[35m[HTTP][39m [37m-->[39m [37mGET[39m [37m/wd/hub/session/dabdd530-e9af-4c71-89bc-195628d16115/source[39m
[35m[HTTP][39m [90m{}[39m
[35m[W3C (dabdd530)][39m Driver proxy active, passing request on via HTTP proxy
[35m[WD Proxy][39m Replacing sessionId 9b7397f3-d8f9-4f7a-a387-9274165da87d with dabdd530-e9af-4c71-89bc-195628d16115
[35m[HTTP][39m [37m<-- GET /wd/hub/session/dabdd530-e9af-4c71-89bc-195628d16115/source [39m[32m200[39m [90m62 ms - 13851[39m
[35m[HTTP][39m [90m[39m
[35m[HTTP][39m [37m-->[39m [37mGET[39m [37m/wd/hub/session/dabdd530-e9af-4c71-89bc-195628d16115/screenshot[39m
[35m[HTTP][39m [90m{}[39m
[35m[HTTP][39m [37m<-- GET /wd/hub/session/dabdd530-e9af-4c71-89bc-195628d16115/screenshot [39m[32m200[39m [90m516 ms - 172730[39m
[35m[HTTP][39m [90m[39m
[35m[HTTP][39m [37m-->[39m [37mPOST[39m [37m/wd/hub/session/dabdd530-e9af-4c71-89bc-195628d16115/elements[39m
[35m[HTTP][39m [90m{"using":"xpath","value":"//*[@class = 'android.widget.Spinner' and @resource-id = 'com.example.mikebanks.bankscorpfinancial:id/spn_select_payee' and (@text = '' or . = '')]"}[39m
[35m[HTTP][39m [37m<-- POST /wd/hub/session/dabdd530-e9af-4c71-89bc-195628d16115/elements [39m[32m200[39m [90m6969 ms - 139[39m
[35m[HTTP][39m [90m[39m
[35m[HTTP][39m [37m-->[39m [37mPOST[39m [37m/wd/hub/session/dabdd530-e9af-4c71-89bc-195628d16115/elements[39m
[35m[HTTP][39m [90m{"using":"xpath","value":"//*[@class = 'android.widget.Spinner' and @resource-id = 'com.example.mikebanks.bankscorpfinancial:id/spn_select_payee' and (@text = '' or . = '')]"}[39m
[35m[HTTP][39m [37m<-- POST /wd/hub/session/dabdd530-e9af-4c71-89bc-195628d16115/elements [39m[32m200[39m [90m61 ms - 139[39m
[35m[HTTP][39m [90m[39m
[35m[HTTP][39m [37m-->[39m [37mPOST[39m [37m/wd/hub/session/dabdd530-e9af-4c71-89bc-195628d16115/elements[39m
[35m[HTTP][39m [90m{"using":"xpath","value":"//*[@class = 'android.widget.EditText' and (@text = 'Amount' or . = 'Amount') and @resource-id = 'com.example.mikebanks.bankscorpfinancial:id/edt_payment_amount']"}[39m
[35m[HTTP][39m [37m<-- POST /wd/hub/session/dabdd530-e9af-4c71-89bc-195628d16115/elements [39m[32m200[39m [90m60 ms - 139[39m
[35m[HTTP][39m [90m[39m
[35m[HTTP][39m [37m-->[39m [37mPOST[39m [37m/wd/hub/session/dabdd530-e9af-4c71-89bc-195628d16115/elements[39m
[35m[HTTP][39m [90m{"using":"xpath","value":"//*[@class = 'android.widget.Button' and (@text = 'Make Payment' or . = 'Make Payment') and @resource-id = 'com.example.mikebanks.bankscorpfinancial:id/btn_make_payment']"}[39m
[35m[HTTP][39m [37m<-- POST /wd/hub/session/dabdd530-e9af-4c71-89bc-195628d16115/elements [39m[32m200[39m [90m62 ms - 139[39m
[35m[HTTP][39m [90m[39m
[35m[HTTP][39m [37m-->[39m [37mGET[39m [37m/wd/hub/session/dabdd530-e9af-4c71-89bc-195628d16115/source[39m
[35m[HTTP][39m [90m{}[39m
[35m[W3C (dabdd530)][39m Driver proxy active, passing request on via HTTP proxy
[35m[WD Proxy][39m Replacing sessionId 9b7397f3-d8f9-4f7a-a387-9274165da87d with dabdd530-e9af-4c71-89bc-195628d16115
[35m[HTTP][39m [37m<-- GET /wd/hub/session/dabdd530-e9af-4c71-89bc-195628d16115/source [39m[32m200[39m [90m52 ms - 13692[39m
[35m[HTTP][39m [90m[39m
[35m[HTTP][39m [37m-->[39m [37mGET[39m [37m/wd/hub/session/dabdd530-e9af-4c71-89bc-195628d16115/screenshot[39m
[35m[HTTP][39m [90m{}[39m
[35m[HTTP][39m [37m<-- GET /wd/hub/session/dabdd530-e9af-4c71-89bc-195628d16115/screenshot [39m[32m200[39m [90m547 ms - 173100[39m
[35m[HTTP][39m [90m[39m
[35m[HTTP][39m [37m-->[39m [37mPOST[39m [37m/wd/hub/session/dabdd530-e9af-4c71-89bc-195628d16115/elements[39m
[35m[HTTP][39m [90m{"using":"xpath","value":"//*[@class = 'android.widget.TextView' and (@text = 'Payment' or . = 'Payment')]"}[39m
[35m[HTTP][39m [37m<-- POST /wd/hub/session/dabdd530-e9af-4c71-89bc-195628d16115/elements [39m[32m200[39m [90m54 ms - 139[39m
[35m[HTTP][39m [90m[39m
[35m[HTTP][39m [37m-->[39m [37mGET[39m [37m/wd/hub/session/dabdd530-e9af-4c71-89bc-195628d16115/source[39m
[35m[HTTP][39m [90m{}[39m
[35m[W3C (dabdd530)][39m Driver proxy active, passing request on via HTTP proxy
[35m[WD Proxy][39m Replacing sessionId 9b7397f3-d8f9-4f7a-a387-9274165da87d with dabdd530-e9af-4c71-89bc-195628d16115
[35m[HTTP][39m [37m<-- GET /wd/hub/session/dabdd530-e9af-4c71-89bc-195628d16115/source [39m[32m200[39m [90m39 ms - 3889[39m
[35m[HTTP][39m [90m[39m
[35m[HTTP][39m [37m-->[39m [37mGET[39m [37m/wd/hub/session/dabdd530-e9af-4c71-89bc-195628d16115/screenshot[39m
[35m[HTTP][39m [90m{}[39m
[35m[HTTP][39m [37m<-- GET /wd/hub/session/dabdd530-e9af-4c71-89bc-195628d16115/screenshot [39m[32m200[39m [90m669 ms - 475870[39m
[35m[HTTP][39m [90m[39m
[35m[HTTP][39m [37m-->[39m [37mPOST[39m [37m/wd/hub/session/dabdd530-e9af-4c71-89bc-195628d16115/elements[39m
[35m[HTTP][39m [90m{"using":"xpath","value":"//*[@class = 'android.widget.EditText' and (@text = 'Payee Name' or . = 'Payee Name') and @resource-id = 'com.example.mikebanks.bankscorpfinancial:id/edt_payee_name']"}[39m
[35m[HTTP][39m [37m<-- POST /wd/hub/session/dabdd530-e9af-4c71-89bc-195628d16115/elements [39m[32m200[39m [90m33 ms - 139[39m
[35m[HTTP][39m [90m[39m
[35m[HTTP][39m [37m-->[39m [37mDELETE[39m [37m/wd/hub/session/dabdd530-e9af-4c71-89bc-195628d16115[39m
[35m[HTTP][39m [90m{}[39m
[35m[Appium][39m Removing session dabdd530-e9af-4c71-89bc-195628d16115 from our master session list
[35m[HTTP][39m [37m<-- DELETE /wd/hub/session/dabdd530-e9af-4c71-89bc-195628d16115 [39m[32m200[39m [90m220 ms - 14[39m
[35m[HTTP][39m [90m[39m
